<?xml version="1.0" encoding="UTF-8"?>
<!-- Generated by org.testng.reporters.JUnitReportReporter -->
<testsuite hostname="arinsark-ws" name="com.ldlapp.modules.LDL_Ops_TestCases" tests="1" failures="0" timestamp="6 Nov 2014 13:56:33 GMT" time="472.504" errors="0">
  <testcase name="testCaseExecution" time="472.504" classname="com.ldlapp.modules.LDL_Ops_TestCases"/>
</testsuite> <!-- com.ldlapp.modules.LDL_Ops_TestCases -->
