<?xml version="1.0" encoding="UTF-8"?>
<!-- Generated by org.testng.reporters.JUnitReportReporter -->
<testsuite hostname="arinsark-ws" name="com.ldlapp.modules.LDL_Initiator_TestCases" tests="1" failures="0" timestamp="31 Oct 2014 10:18:35 GMT" time="70.772" errors="0">
  <testcase name="testCaseExecution" time="70.772" classname="com.ldlapp.modules.LDL_Initiator_TestCases"/>
</testsuite> <!-- com.ldlapp.modules.LDL_Initiator_TestCases -->
