<?xml version="1.0" encoding="UTF-8"?>
<!-- Generated by org.testng.reporters.JUnitReportReporter -->
<testsuite hostname="arinsark-ws" name="com.ldlapp.modules.LDL_VCOPS_TestCases" tests="1" failures="0" timestamp="5 Nov 2014 14:10:26 GMT" time="152.152" errors="0">
  <testcase name="testCaseExecution" time="152.152" classname="com.ldlapp.modules.LDL_VCOPS_TestCases"/>
</testsuite> <!-- com.ldlapp.modules.LDL_VCOPS_TestCases -->
