<?xml version="1.0" encoding="UTF-8"?>
<!-- Generated by org.testng.reporters.JUnitReportReporter -->
<testsuite hostname="arinsark-ws" name="com.ldlapp.modules.LDL_TRCOLEAD_TestCases" tests="1" failures="0" timestamp="10 Nov 2014 16:06:58 GMT" time="22.536" errors="0">
  <testcase name="testCaseExecution" time="22.536" classname="com.ldlapp.modules.LDL_TRCOLEAD_TestCases"/>
</testsuite> <!-- com.ldlapp.modules.LDL_TRCOLEAD_TestCases -->
