<?xml version="1.0" encoding="UTF-8"?>
<!-- Generated by org.testng.reporters.JUnitReportReporter -->
<testsuite hostname="arinsark-ws" name="com.ldlapp.modules.LDL_TC_TestCases" tests="1" failures="0" timestamp="30 Oct 2014 09:58:31 GMT" time="499.650" errors="0">
  <testcase name="testCaseExecution" time="499.650" classname="com.ldlapp.modules.LDL_TC_TestCases"/>
</testsuite> <!-- com.ldlapp.modules.LDL_TC_TestCases -->
