<?xml version="1.0" encoding="UTF-8"?>
<!-- Generated by org.testng.reporters.JUnitReportReporter -->
<testsuite hostname="arinsark-ws" name="com.ldlapp.modules.LDL_DE_TestCases" tests="1" failures="0" timestamp="4 Nov 2014 08:17:55 GMT" time="156.624" errors="0">
  <testcase name="testCaseExecution" time="156.624" classname="com.ldlapp.modules.LDL_DE_TestCases"/>
</testsuite> <!-- com.ldlapp.modules.LDL_DE_TestCases -->
