<?xml version="1.0" encoding="UTF-8"?>
<!-- Generated by org.testng.reporters.JUnitReportReporter -->
<testsuite hostname="arinsark-ws" name="com.ldlapp.modules.LDL_TC_TestCases" tests="1" failures="0" timestamp="12 Nov 2014 11:26:13 GMT" time="13.160" errors="0">
  <testcase name="testCaseExecution" time="13.160" classname="com.ldlapp.modules.LDL_TC_TestCases"/>
</testsuite> <!-- com.ldlapp.modules.LDL_TC_TestCases -->
