<?xml version="1.0" encoding="UTF-8"?>
<!-- Generated by org.testng.reporters.JUnitReportReporter -->
<testsuite hostname="arinsark-ws" name="com.ldlapp.modules.LDL_SeleniumSampleAutomationTestNg" tests="1" failures="0" timestamp="14 Oct 2014 08:52:33 GMT" time="31.589" errors="0">
  <testcase name="testCaseExecution" time="31.589" classname="com.ldlapp.modules.LDL_SeleniumSampleAutomationTestNg"/>
</testsuite> <!-- com.ldlapp.modules.LDL_SeleniumSampleAutomationTestNg -->
