<?xml version="1.0" encoding="UTF-8"?>
<!-- Generated by org.testng.reporters.JUnitReportReporter -->
<testsuite hostname="arinsark-ws" name="com.ldlapp.modules.LDL_TRCOLEAD_TestCases" tests="1" failures="0" timestamp="12 Nov 2014 09:44:30 GMT" time="143.740" errors="0">
  <testcase name="testCaseExecution" time="143.740" classname="com.ldlapp.modules.LDL_TRCOLEAD_TestCases"/>
</testsuite> <!-- com.ldlapp.modules.LDL_TRCOLEAD_TestCases -->
