<?xml version="1.0" encoding="UTF-8"?>
<!-- Generated by org.testng.reporters.JUnitReportReporter -->
<testsuite hostname="arinsark-ws" name="com.ldlapp.commonutilities.CommonUtilities" tests="1" failures="0" timestamp="24 Oct 2014 07:23:16 GMT" time="0.003" errors="0">
  <testcase name="run" time="0.003" classname="com.ldlapp.commonutilities.CommonUtilities"/>
</testsuite> <!-- com.ldlapp.commonutilities.CommonUtilities -->
