<?xml version="1.0" encoding="UTF-8"?>
<!-- Generated by org.testng.reporters.JUnitReportReporter -->
<testsuite hostname="arinsark-ws" name="com.ldlapp.modules.LDL_TC_TestCases" tests="1" failures="0" timestamp="12 Nov 2014 12:24:11 GMT" time="19.158" errors="0">
  <testcase name="testCaseExecution" time="19.158" classname="com.ldlapp.modules.LDL_TC_TestCases"/>
</testsuite> <!-- com.ldlapp.modules.LDL_TC_TestCases -->
