<?xml version="1.0" encoding="UTF-8"?>
<!-- Generated by org.testng.reporters.JUnitReportReporter -->
<testsuite hostname="arinsark-ws" name="com.ldlapp.modules.LDL_DSS_TestCases" tests="1" failures="0" timestamp="3 Nov 2014 13:59:24 GMT" time="116.264" errors="0">
  <testcase name="testCaseExecution" time="116.264" classname="com.ldlapp.modules.LDL_DSS_TestCases"/>
</testsuite> <!-- com.ldlapp.modules.LDL_DSS_TestCases -->
