<?xml version="1.0" encoding="UTF-8"?>
<!-- Generated by org.testng.reporters.JUnitReportReporter -->
<testsuite hostname="arinsark-ws" name="com.ldlapp.modules.LDL_Requestor_TestCases" tests="1" failures="0" timestamp="5 Nov 2014 15:21:51 GMT" time="167.107" errors="0">
  <testcase name="testCaseExecution" time="167.107" classname="com.ldlapp.modules.LDL_Requestor_TestCases"/>
</testsuite> <!-- com.ldlapp.modules.LDL_Requestor_TestCases -->
